<?xml version="1.0" encoding="UTF-8" ?>
<testsuite errors="1" failures="0" hostname="isudo-PC" name="com.allendowney.thinkdast.ListClientExampleTest" skipped="0" tests="1" time="0.0" timestamp="2018-08-14T13:16:22">
  <properties>
[...]
</properties>
  <error message="com.allendowney.thinkdast.ListClientExampleTest" type="java.lang.ClassNotFoundException">java.lang.ClassNotFoundException: com.allendowney.thinkdast.ListClientExampleTest
	at java.net.URLClassLoader.findClass(URLClassLoader.java:381)
	at java.lang.ClassLoader.loadClass(ClassLoader.java:424)
	at sun.misc.Launcher$AppClassLoader.loadClass(Launcher.java:349)
	at java.lang.ClassLoader.loadClass(ClassLoader.java:357)
	at java.lang.Class.forName0(Native Method)
	at java.lang.Class.forName(Class.java:264)
</error>
  <system-out><![CDATA[]]></system-out>
  <system-err><![CDATA[]]></system-err>
</testsuite>
